<?xml version="1.0" encoding="UTF-8"?>
<!-- Generated by org.testng.reporters.JUnitXMLReporter -->
<testsuite ignored="0" hostname="PoojithaGangarapu" failures="0" tests="4" name="Default test" time="0.047" errors="0" timestamp="2024-07-03T14:16:59 IST">
  <testcase classname="org.tstng.Test2" name="tc5" time="0.008"/>
  <testcase classname="org.tstng.Test2" name="tc6" time="0.001"/>
  <testcase classname="org.tstng.Test2" name="tc7" time="0.001"/>
  <testcase classname="org.tstng.Test2" name="tc8" time="0.001"/>
</testsuite> <!-- Default test -->
