<?xml version="1.0" encoding="UTF-8"?>
<!-- Generated by org.testng.reporters.JUnitXMLReporter -->
<testsuite ignored="4" hostname="PoojithaGangarapu" failures="0" tests="4" name="Test" time="0.051" errors="0" timestamp="2024-07-03T14:25:40 IST">
  <testcase classname="org.tstng.Test2" name="tc5" time="0.007"/>
  <testcase classname="org.tstng.Test2" name="tc7" time="0.001"/>
  <testcase classname="org.tstng.Test1" name="tc2" time="0.002"/>
  <testcase classname="org.tstng.Test1" name="tc3" time="0.001"/>
  <testcase classname="org.tstng.Test1" name="tc4" time="0.0">
    <ignored/>
  </testcase> <!-- tc4 -->
  <testcase classname="org.tstng.Test1" name="tc1" time="0.0">
    <ignored/>
  </testcase> <!-- tc1 -->
  <testcase classname="org.tstng.Test2" name="tc8" time="0.0">
    <ignored/>
  </testcase> <!-- tc8 -->
  <testcase classname="org.tstng.Test2" name="tc6" time="0.0">
    <ignored/>
  </testcase> <!-- tc6 -->
</testsuite> <!-- Test -->
