<?xml version="1.0" encoding="UTF-8"?>
<testng-results ignored="4" total="8" passed="4" failed="0" skipped="0">
  <reporter-output>
  </reporter-output>
  <suite started-at="2024-07-03T14:25:40 IST" name="Suite" finished-at="2024-07-03T14:25:40 IST" duration-ms="51">
    <groups>
      <group name="Hcl">
        <method signature="Test2.tc5()[pri:0, instance:org.tstng.Test2@6da21078]" name="tc5" class="org.tstng.Test2"/>
      </group> <!-- Hcl -->
      <group name="HCL">
        <method signature="Test1.tc2()[pri:0, instance:org.tstng.Test1@7e7be63f]" name="tc2" class="org.tstng.Test1"/>
      </group> <!-- HCL -->
      <group name="Tech">
        <method signature="Test1.tc3()[pri:0, instance:org.tstng.Test1@7e7be63f]" name="tc3" class="org.tstng.Test1"/>
        <method signature="Test2.tc7()[pri:0, instance:org.tstng.Test2@6da21078]" name="tc7" class="org.tstng.Test2"/>
      </group> <!-- Tech -->
    </groups>
    <test started-at="2024-07-03T14:25:40 IST" name="Test" finished-at="2024-07-03T14:25:40 IST" duration-ms="51">
      <class name="org.tstng.Test1">
        <test-method signature="tc2()[pri:0, instance:org.tstng.Test1@7e7be63f]" started-at="2024-07-03T14:25:40 IST" name="tc2" finished-at="2024-07-03T14:25:40 IST" duration-ms="2" status="PASS">
          <reporter-output>
          </reporter-output>
        </test-method> <!-- tc2 -->
        <test-method signature="tc3()[pri:0, instance:org.tstng.Test1@7e7be63f]" started-at="2024-07-03T14:25:40 IST" name="tc3" finished-at="2024-07-03T14:25:40 IST" duration-ms="1" status="PASS">
          <reporter-output>
          </reporter-output>
        </test-method> <!-- tc3 -->
      </class> <!-- org.tstng.Test1 -->
      <class name="org.tstng.Test2">
        <test-method signature="tc5()[pri:0, instance:org.tstng.Test2@6da21078]" started-at="2024-07-03T14:25:40 IST" name="tc5" finished-at="2024-07-03T14:25:40 IST" duration-ms="7" status="PASS">
          <reporter-output>
          </reporter-output>
        </test-method> <!-- tc5 -->
        <test-method signature="tc7()[pri:0, instance:org.tstng.Test2@6da21078]" started-at="2024-07-03T14:25:40 IST" name="tc7" finished-at="2024-07-03T14:25:40 IST" duration-ms="1" status="PASS">
          <reporter-output>
          </reporter-output>
        </test-method> <!-- tc7 -->
      </class> <!-- org.tstng.Test2 -->
    </test> <!-- Test -->
  </suite> <!-- Suite -->
</testng-results>
